# JRE version: OpenJDK Runtime Environment (23.0.1+11) (build 23.0.1+11-39)
# Java VM: OpenJDK 64-Bit Server VM (23.0.1+11-39, mixed mode, sharing, tiered, compressed oops, compressed class ptrs, g1 gc, windows-amd64)
GC Precious Log:
 CardTable entry size: 512
 Card Set container configuration: InlinePtr #cards 4 size 8 Array Of Cards #cards 16 size 48 Howl #buckets 8 coarsen threshold 3686 Howl Bitmap #cards 512 size 80 coarsen threshold 460 Card regions per heap region 1 cards per card region 4096
 CPUs: 16 total, 16 available
 Memory: 16141M
 Large Page Support: Disabled
 NUMA Support: Disabled
 Compressed Oops: Enabled (Zero based)
 Heap Region Size: 2M
 Heap Min Capacity: 8M
 Heap Initial Capacity: 254M
 Heap Max Capacity: 4036M
 Pre-touch: Disabled
 Parallel Workers: 13
 Concurrent Workers: 3
 Concurrent Refinement Workers: 13
 Periodic GC: Disabled
Heap:
 garbage-first heap   total reserved 4132864K, committed 96256K, used 77960K [0x0000000703c00000, 0x0000000800000000)
  region size 2048K, 16 young (32768K), 1 survivors (2048K)
 Metaspace       used 103081K, committed 104064K, reserved 1179648K
  class space    used 13994K, committed 14464K, reserved 1048576K
GC Heap History (20 events):
Event: 6.862 GC heap before
{Heap before GC invocations=20 (full 0):
 garbage-first heap   total reserved 4132864K, committed 96256K, used 83808K [0x0000000703c00000, 0x0000000800000000)
  region size 2048K, 21 young (43008K), 3 survivors (6144K)
 Metaspace       used 83924K, committed 84672K, reserved 1179648K
  class space    used 11784K, committed 12096K, reserved 1048576K
}
Event: 6.864 GC heap after
{Heap after GC invocations=21 (full 0):
 garbage-first heap   total reserved 4132864K, committed 96256K, used 43245K [0x0000000703c00000, 0x0000000800000000)
  region size 2048K, 1 young (2048K), 1 survivors (2048K)
 Metaspace       used 83924K, committed 84672K, reserved 1179648K
  class space    used 11784K, committed 12096K, reserved 1048576K
}
Event: 7.277 GC heap before
{Heap before GC invocations=21 (full 0):
 garbage-first heap   total reserved 4132864K, committed 96256K, used 84205K [0x0000000703c00000, 0x0000000800000000)
  region size 2048K, 21 young (43008K), 1 survivors (2048K)
 Metaspace       used 86487K, committed 87232K, reserved 1179648K
  class space    used 12151K, committed 12480K, reserved 1048576K
}
Event: 7.279 GC heap after
{Heap after GC invocations=22 (full 0):
 garbage-first heap   total reserved 4132864K, committed 96256K, used 45279K [0x0000000703c00000, 0x0000000800000000)
  region size 2048K, 2 young (4096K), 2 survivors (4096K)
 Metaspace       used 86487K, committed 87232K, reserved 1179648K
  class space    used 12151K, committed 12480K, reserved 1048576K
}
Event: 13.575 GC heap before
{Heap before GC invocations=23 (full 0):
 garbage-first heap   total reserved 4132864K, committed 96256K, used 84191K [0x0000000703c00000, 0x0000000800000000)
  region size 2048K, 21 young (43008K), 2 survivors (4096K)
 Metaspace       used 91621K, committed 92416K, reserved 1179648K
  class space    used 12901K, committed 13248K, reserved 1048576K
}
Event: 13.578 GC heap after
{Heap after GC invocations=24 (full 0):
 garbage-first heap   total reserved 4132864K, committed 96256K, used 49314K [0x0000000703c00000, 0x0000000800000000)
  region size 2048K, 3 young (6144K), 3 survivors (6144K)
 Metaspace       used 91621K, committed 92416K, reserved 1179648K
  class space    used 12901K, committed 13248K, reserved 1048576K
}
Event: 15.756 GC heap before
{Heap before GC invocations=24 (full 0):
 garbage-first heap   total reserved 4132864K, committed 96256K, used 80034K [0x0000000703c00000, 0x0000000800000000)
  region size 2048K, 19 young (38912K), 3 survivors (6144K)
 Metaspace       used 97257K, committed 98048K, reserved 1179648K
  class space    used 13737K, committed 14144K, reserved 1048576K
}
Event: 15.761 GC heap after
{Heap after GC invocations=25 (full 0):
 garbage-first heap   total reserved 4132864K, committed 96256K, used 51195K [0x0000000703c00000, 0x0000000800000000)
  region size 2048K, 2 young (4096K), 2 survivors (4096K)
 Metaspace       used 97257K, committed 98048K, reserved 1179648K
  class space    used 13737K, committed 14144K, reserved 1048576K
}
Event: 192.053 GC heap before
{Heap before GC invocations=25 (full 0):
 garbage-first heap   total reserved 4132864K, committed 96256K, used 83963K [0x0000000703c00000, 0x0000000800000000)
  region size 2048K, 18 young (36864K), 2 survivors (4096K)
 Metaspace       used 99790K, committed 100672K, reserved 1179648K
  class space    used 13934K, committed 14336K, reserved 1048576K
}
Event: 192.058 GC heap after
{Heap after GC invocations=26 (full 0):
 garbage-first heap   total reserved 4132864K, committed 96256K, used 51620K [0x0000000703c00000, 0x0000000800000000)
  region size 2048K, 2 young (4096K), 2 survivors (4096K)
 Metaspace       used 99790K, committed 100672K, reserved 1179648K
  class space    used 13934K, committed 14336K, reserved 1048576K
}
Event: 934.562 GC heap before
{Heap before GC invocations=27 (full 0):
 garbage-first heap   total reserved 4132864K, committed 96256K, used 82340K [0x0000000703c00000, 0x0000000800000000)
  region size 2048K, 18 young (36864K), 2 survivors (4096K)
 Metaspace       used 100703K, committed 101632K, reserved 1179648K
  class space    used 13958K, committed 14400K, reserved 1048576K
}
Event: 934.567 GC heap after
{Heap after GC invocations=28 (full 0):
 garbage-first heap   total reserved 4132864K, committed 96256K, used 51641K [0x0000000703c00000, 0x0000000800000000)
  region size 2048K, 2 young (4096K), 2 survivors (4096K)
 Metaspace       used 100703K, committed 101632K, reserved 1179648K
  class space    used 13958K, committed 14400K, reserved 1048576K
}
Event: 1329.064 GC heap before
{Heap before GC invocations=28 (full 0):
 garbage-first heap   total reserved 4132864K, committed 96256K, used 82361K [0x0000000703c00000, 0x0000000800000000)
  region size 2048K, 18 young (36864K), 2 survivors (4096K)
 Metaspace       used 101270K, committed 102208K, reserved 1179648K
  class space    used 13973K, committed 14400K, reserved 1048576K
}
Event: 1329.070 GC heap after
{Heap after GC invocations=29 (full 0):
 garbage-first heap   total reserved 4132864K, committed 96256K, used 49649K [0x0000000703c00000, 0x0000000800000000)
  region size 2048K, 2 young (4096K), 2 survivors (4096K)
 Metaspace       used 101270K, committed 102208K, reserved 1179648K
  class space    used 13973K, committed 14400K, reserved 1048576K
}
Event: 1956.284 GC heap before
{Heap before GC invocations=29 (full 0):
 garbage-first heap   total reserved 4132864K, committed 96256K, used 84465K [0x0000000703c00000, 0x0000000800000000)
  region size 2048K, 19 young (38912K), 2 survivors (4096K)
 Metaspace       used 101967K, committed 102976K, reserved 1179648K
  class space    used 13993K, committed 14464K, reserved 1048576K
}
Event: 1956.289 GC heap after
{Heap after GC invocations=30 (full 0):
 garbage-first heap   total reserved 4132864K, committed 96256K, used 50489K [0x0000000703c00000, 0x0000000800000000)
  region size 2048K, 2 young (4096K), 2 survivors (4096K)
 Metaspace       used 101967K, committed 102976K, reserved 1179648K
  class space    used 13993K, committed 14464K, reserved 1048576K
}
Event: 2189.999 GC heap before
{Heap before GC invocations=31 (full 0):
 garbage-first heap   total reserved 4132864K, committed 96256K, used 85305K [0x0000000703c00000, 0x0000000800000000)
  region size 2048K, 19 young (38912K), 2 survivors (4096K)
 Metaspace       used 102494K, committed 103424K, reserved 1179648K
  class space    used 13994K, committed 14464K, reserved 1048576K
}
Event: 2190.006 GC heap after
{Heap after GC invocations=32 (full 0):
 garbage-first heap   total reserved 4132864K, committed 96256K, used 50543K [0x0000000703c00000, 0x0000000800000000)
  region size 2048K, 1 young (2048K), 1 survivors (2048K)
 Metaspace       used 102494K, committed 103424K, reserved 1179648K
  class space    used 13994K, committed 14464K, reserved 1048576K
}
Event: 2297.844 GC heap before
{Heap before GC invocations=32 (full 0):
 garbage-first heap   total reserved 4132864K, committed 96256K, used 87407K [0x0000000703c00000, 0x0000000800000000)
  region size 2048K, 19 young (38912K), 1 survivors (2048K)
 Metaspace       used 102899K, committed 103808K, reserved 1179648K
  class space    used 13994K, committed 14464K, reserved 1048576K
}
Event: 2297.850 GC heap after
{Heap after GC invocations=33 (full 0):
 garbage-first heap   total reserved 4132864K, committed 96256K, used 49288K [0x0000000703c00000, 0x0000000800000000)
  region size 2048K, 1 young (2048K), 1 survivors (2048K)
 Metaspace       used 102899K, committed 103808K, reserved 1179648K
  class space    used 13994K, committed 14464K, reserved 1048576K
}

